2025-04-20 00:23:44,091 - INFO - Starting process_csv_to_batches function.
2025-04-20 00:23:46,085 - INFO - Finished process_csv_to_batches function.
2025-04-20 00:23:46,086 - INFO - Starting send_to_api function.
2025-04-20 00:23:46,087 - WARNING - python-dotenv could not parse statement starting at line 1
2025-04-20 00:23:46,087 - WARNING - python-dotenv could not parse statement starting at line 2
2025-04-20 00:23:46,088 - WARNING - python-dotenv could not parse statement starting at line 3
2025-04-20 00:23:46,088 - WARNING - python-dotenv could not parse statement starting at line 4
2025-04-20 00:23:47,578 - INFO - Batch 1 sent succesfully.
2025-04-20 00:23:49,081 - INFO - Batch 2 sent succesfully.
2025-04-20 00:23:50,499 - INFO - Batch 3 sent succesfully.
2025-04-20 00:23:51,907 - INFO - Batch 4 sent succesfully.
2025-04-20 00:23:53,452 - INFO - Batch 5 sent succesfully.
2025-04-20 00:23:54,897 - INFO - Batch 6 sent succesfully.
2025-04-20 00:23:56,427 - INFO - Batch 7 sent succesfully.
2025-04-20 00:23:57,788 - INFO - Batch 8 sent succesfully.
2025-04-20 00:23:58,447 - INFO - Batch 9 sent succesfully.
2025-04-20 00:23:58,448 - INFO - Finished send_to_api function.
2025-04-20 00:27:18,038 - INFO - Starting process_csv_to_batches function.
2025-04-20 00:27:20,371 - INFO - Finished process_csv_to_batches function.
2025-04-20 00:27:20,372 - INFO - Starting send_to_api function.
2025-04-20 00:27:21,866 - INFO - Batch 1 sent succesfully.
2025-04-20 00:27:23,226 - INFO - Batch 2 sent succesfully.
2025-04-20 00:27:25,348 - INFO - Batch 3 sent succesfully.
2025-04-20 00:27:26,736 - INFO - Batch 4 sent succesfully.
2025-04-20 00:27:28,088 - INFO - Batch 5 sent succesfully.
2025-04-20 00:27:29,426 - INFO - Batch 6 sent succesfully.
2025-04-20 00:27:30,787 - INFO - Batch 7 sent succesfully.
2025-04-20 00:27:32,171 - INFO - Batch 8 sent succesfully.
2025-04-20 00:27:32,844 - INFO - Batch 9 sent succesfully.
2025-04-20 00:27:32,844 - INFO - Finished send_to_api function.
